<?xml version="1.0" encoding="UTF-8"?>
<!-- Generated by org.testng.reporters.JUnitXMLReporter -->
<testsuite ignored="0" hostname="DESKTOP-7NNF0FV" failures="1" tests="2" name="ATS-Test" time="24.204" errors="0" timestamp="2023-05-14T13:12:41 IST">
  <testcase classname="org.ATS.testCases.LoginTest" name="loginWithValidCredentials" time="3.087"/>
  <testcase classname="org.ATS.testCases.LoginTest" name="invalidUsernameorPasswordMssg" time="2.85">
    <failure type="java.lang.AssertionError" message="expected [Error: Incorrect login or password provided.] but found [×
Error: Incorrect login or password provided.]">
      <![CDATA[java.lang.AssertionError: expected [Error: Incorrect login or password provided.] but found [×
Error: Incorrect login or password provided.]
at org.ATS.testCases.LoginTest.invalidUsernameorPasswordMssg(LoginTest.java:54)
at java.base/java.util.ArrayList.forEach(ArrayList.java:1511)
... Removed 31 stack frames]]>
    </failure>
  </testcase> <!-- invalidUsernameorPasswordMssg -->
</testsuite> <!-- ATS-Test -->
